<?xml version="1.0" encoding="UTF-8"?>
<testsuite xmlns:xsi="http://www.w3.org/2001/XMLSchema-instance" xsi:noNamespaceSchemaLocation="https://maven.apache.org/surefire/maven-surefire-plugin/xsd/surefire-test-report.xsd" name="accounts.client.AccountClientTests" time="1.213" tests="7" errors="0" skipped="6" failures="0">
  <properties>
[...]
</properties>
  <testcase name="createAccount_using_admin_should_return_201" classname="accounts.client.AccountClientTests" time="0">
    <skipped message="public void accounts.client.AccountClientTests.createAccount_using_admin_should_return_201() is @Disabled"/>
    <system-out><![CDATA[INFO : o.s.b.t.c.SpringBootTestContextBootstrapper - Neither @ContextConfiguration nor @ContextHierarchy found for test class [accounts.client.AccountClientTests], using SpringBootContextLoader
INFO : o.s.t.c.support.AbstractContextLoader - Could not detect default resource locations for test class [accounts.client.AccountClientTests]: no resource found for suffixes {-context.xml, Context.groovy}.
INFO : o.s.b.t.c.SpringBootTestContextBootstrapper - Loaded default TestExecutionListener class names from location [META-INF/spring.factories]: [org.springframework.security.test.context.support.WithSecurityContextTestExecutionListener, org.springframework.security.test.context.support.ReactorContextTestExecutionListener, org.springframework.test.context.web.ServletTestExecutionListener, org.springframework.test.context.support.DirtiesContextBeforeModesTestExecutionListener, org.springframework.test.context.event.ApplicationEventsTestExecutionListener, org.springframework.test.context.support.DependencyInjectionTestExecutionListener, org.springframework.test.context.support.DirtiesContextTestExecutionListener, org.springframework.test.context.transaction.TransactionalTestExecutionListener, org.springframework.test.context.jdbc.SqlScriptsTestExecutionListener, org.springframework.test.context.event.EventPublishingTestExecutionListener, org.springframework.boot.test.mock.mockito.MockitoTestExecutionListener, org.springframework.boot.test.mock.mockito.ResetMocksTestExecutionListener, org.springframework.boot.test.autoconfigure.restdocs.RestDocsTestExecutionListener, org.springframework.boot.test.autoconfigure.web.client.MockRestServiceServerResetTestExecutionListener, org.springframework.boot.test.autoconfigure.web.servlet.MockMvcPrintOnlyOnFailureTestExecutionListener, org.springframework.boot.test.autoconfigure.web.servlet.WebDriverTestExecutionListener, org.springframework.boot.test.autoconfigure.webservices.client.MockWebServiceServerTestExecutionListener]
INFO : o.s.b.t.c.SpringBootTestContextBootstrapper - Using TestExecutionListeners: [org.springframework.test.context.web.ServletTestExecutionListener@4492b393, org.springframework.test.context.support.DirtiesContextBeforeModesTestExecutionListener@55fb36de, org.springframework.test.context.event.ApplicationEventsTestExecutionListener@63a7781, org.springframework.boot.test.mock.mockito.MockitoTestExecutionListener@73b74615, org.springframework.boot.test.autoconfigure.SpringBootDependencyInjectionTestExecutionListener@22686ddb, org.springframework.test.context.support.DirtiesContextTestExecutionListener@2e29f28e, org.springframework.test.context.transaction.TransactionalTestExecutionListener@7bfa1eb5, org.springframework.test.context.jdbc.SqlScriptsTestExecutionListener@32b46831, org.springframework.security.test.context.support.WithSecurityContextTestExecutionListener@5353dd09, org.springframework.test.context.event.EventPublishingTestExecutionListener@320ff86f, org.springframework.security.test.context.support.ReactorContextTestExecutionListener@192b472d, org.springframework.boot.test.mock.mockito.ResetMocksTestExecutionListener@84f51d9, org.springframework.boot.test.autoconfigure.restdocs.RestDocsTestExecutionListener@45b96e4c, org.springframework.boot.test.autoconfigure.web.client.MockRestServiceServerResetTestExecutionListener@8383a14, org.springframework.boot.test.autoconfigure.web.servlet.MockMvcPrintOnlyOnFailureTestExecutionListener@4b691611, org.springframework.boot.test.autoconfigure.web.servlet.WebDriverTestExecutionListener@395a573c, org.springframework.boot.test.autoconfigure.webservices.client.MockWebServiceServerTestExecutionListener@379f9555]
&amp#27;[32m ::                                                         ____
 /\    ____                 ____             _              \ \ \
|/\|  / ___|___  _ __ ___  / ___| _ __  _ __(_)_ __   __ _   \ \ \
     | |   / _ \| '__/ _ \ \___ \| '_ \| '__| | '_ \ / _` |   \ \ \
     | |__| (_) | | |  __/  ___) | |_) | |  | | | | | (_| |   / / /
      \____\___/|_|  \___| |____/| .__/|_|  |_|_| |_|\__, |  / / /
 ================================|_|==================|___/=/_/_/=
   :: Core Spring Training ::                  :: v5.3.23.RELEASE ::&amp#27;[39m

INFO : accounts.client.AccountClientTests - Starting AccountClientTests using Java 24.0.1 on panindra-2.local with PID 83878 (started by panindra in /Users/panindra/Desktop/java/Java_dev/core-spring-labfiles/lab/42-security-rest)
DEBUG: accounts.client.AccountClientTests - Running with Spring Boot v2.7.5, Spring v5.3.23
INFO : accounts.client.AccountClientTests - No active profile set, falling back to 1 default profile: "default"
INFO : o.s.b.w.embedded.tomcat.TomcatWebServer - Tomcat initialized with port(s): 0 (http)
INFO : o.apache.coyote.http11.Http11NioProtocol - Initializing ProtocolHandler ["http-nio-auto-1"]
INFO : org.apache.catalina.core.StandardService - Starting service [Tomcat]
INFO : org.apache.catalina.core.StandardEngine - Starting Servlet engine: [Apache Tomcat/9.0.68]
INFO : o.a.c.c.C.[Tomcat].[localhost].[/] - Initializing Spring embedded WebApplicationContext
INFO : o.s.b.w.s.c.ServletWebServerApplicationContext - Root WebApplicationContext: initialization completed in 329 ms
INFO : accounts.internal.JpaAccountManager - Created JPA account-manager
WARN : o.s.b.a.o.j.JpaBaseConfiguration$JpaWebConfiguration - spring.jpa.open-in-view is enabled by default. Therefore, database queries may be performed during view rendering. Explicitly configure spring.jpa.open-in-view to disable this warning
INFO : o.s.b.a.w.s.WelcomePageHandlerMapping - Adding welcome page: class path resource [static/index.html]
DEBUG: _.s.web.servlet.HandlerMapping.Mappings - 
	a.w.AccountController:
	{GET [/authorities]}: getAuthoritiesForUser(String)
	{GET [/accounts/{accountId}/beneficiaries/{beneficiaryName}]}: getBeneficiary(int,String)
	{POST [/accounts/{accountId}/beneficiaries]}: addBeneficiary(long,String)
	{DELETE [/accounts/{accountId}/beneficiaries/{beneficiaryName}]}: removeBeneficiary(long,String)
	{GET [/accounts]}: accountSummary()
	{GET [/accounts/{id}]}: accountDetails(int)
	{POST [/accounts]}: createAccount(Account)
DEBUG: _.s.web.servlet.HandlerMapping.Mappings - 
	o.s.b.a.w.s.e.BasicErrorController:
	{ [/error]}: error(HttpServletRequest)
	{ [/error], produces [text/html]}: errorHtml(HttpServletRequest,HttpServletResponse)
DEBUG: _.s.web.servlet.HandlerMapping.Mappings - 'beanNameHandlerMapping' {}
DEBUG: _.s.web.servlet.HandlerMapping.Mappings - 'resourceHandlerMapping' {/webjars/**=ResourceHttpRequestHandler [classpath [META-INF/resources/webjars/]], /**=ResourceHttpRequestHandler [classpath [META-INF/resources/], classpath [resources/], classpath [static/], classpath [public/], ServletContext [/]]}
WARN : o.s.b.a.s.s.UserDetailsServiceAutoConfiguration - 

Using generated security password: e43f11ec-0f95-4192-aede-b17e6fcd83de

This generated password is for development use only. Your security configuration must be updated before running your application in production.

INFO : o.s.s.web.DefaultSecurityFilterChain - Will secure any request with [org.springframework.security.web.session.DisableEncodeUrlFilter@25af1dbf, org.springframework.security.web.context.request.async.WebAsyncManagerIntegrationFilter@2cdcedef, org.springframework.security.web.context.SecurityContextPersistenceFilter@790ea58f, org.springframework.security.web.header.HeaderWriterFilter@7be85f15, org.springframework.security.web.csrf.CsrfFilter@4bb644dc, org.springframework.security.web.authentication.logout.LogoutFilter@1aba8978, org.springframework.security.web.authentication.UsernamePasswordAuthenticationFilter@52a8f789, org.springframework.security.web.authentication.ui.DefaultLoginPageGeneratingFilter@5d3a238, org.springframework.security.web.authentication.ui.DefaultLogoutPageGeneratingFilter@43778d6d, org.springframework.security.web.authentication.www.BasicAuthenticationFilter@22b4ad0c, org.springframework.security.web.savedrequest.RequestCacheAwareFilter@78a7fccd, org.springframework.security.web.servletapi.SecurityContextHolderAwareRequestFilter@410e043b, org.springframework.security.web.authentication.AnonymousAuthenticationFilter@44ac94c2, org.springframework.security.web.session.SessionManagementFilter@48619f15, org.springframework.security.web.access.ExceptionTranslationFilter@4598961d, org.springframework.security.web.access.intercept.FilterSecurityInterceptor@19b4dd60]
INFO : o.apache.coyote.http11.Http11NioProtocol - Starting ProtocolHandler ["http-nio-auto-1"]
INFO : o.s.b.w.embedded.tomcat.TomcatWebServer - Tomcat started on port(s): 54070 (http) with context path ''
INFO : accounts.client.AccountClientTests - Started AccountClientTests in 1.203 seconds (JVM running for 5.419)
]]></system-out>
  </testcase>
  <testcase name="listAccounts_using_invalid_user_should_return_401" classname="accounts.client.AccountClientTests" time="0">
    <skipped message="public void accounts.client.AccountClientTests.listAccounts_using_invalid_user_should_return_401() throws java.lang.Exception is @Disabled"/>
  </testcase>
  <testcase name="createAccount_using_user_should_return_403" classname="accounts.client.AccountClientTests" time="0.001"/>
  <testcase name="listAccounts_using_valid_user_should_succeed" classname="accounts.client.AccountClientTests" time="0">
    <skipped message="public void accounts.client.AccountClientTests.listAccounts_using_valid_user_should_succeed() is @Disabled"/>
  </testcase>
  <testcase name="getAccount_using_valid_user_should_succeed" classname="accounts.client.AccountClientTests" time="0">
    <skipped message="public void accounts.client.AccountClientTests.getAccount_using_valid_user_should_succeed() is @Disabled"/>
  </testcase>
  <testcase name="listAccounts_using_valid_admin_should_succeed" classname="accounts.client.AccountClientTests" time="0">
    <skipped message="public void accounts.client.AccountClientTests.listAccounts_using_valid_admin_should_succeed() is @Disabled"/>
  </testcase>
  <testcase name="addAndDeleteBeneficiary_using_superadmin_should_succeed" classname="accounts.client.AccountClientTests" time="0">
    <skipped message="public void accounts.client.AccountClientTests.addAndDeleteBeneficiary_using_superadmin_should_succeed() is @Disabled"/>
  </testcase>
</testsuite>